<?xml version="1.0" encoding="UTF-8"?>
<!-- Generated by org.testng.reporters.JUnitReportReporter -->
<testsuite hostname="DESKTOP-DPRSV8L" failures="0" tests="1" name="testcases.SelectLocation" time="0.016" errors="0" timestamp="2025-02-25T09:51:34 IST" skipped="0">
  <testcase classname="testcases.SelectLocation" name="whereShouldWeDeliver" time="0.016"/>
</testsuite> <!-- testcases.SelectLocation -->
